2024-04-27 12:44:43 : error : Database is not Connected!!! => [ SequelizeAccessDeniedError: Login failed for user 'manoj'. ]
2024-04-27 12:45:09 : error : Error resetting identity seed: => [ SequelizeDatabaseError: Invalid object name 'Authors'. ]
2024-04-27 12:45:09 : error : Error resetting identity seed: => [ SequelizeDatabaseError: Invalid object name 'Books'. ]
2024-04-27 12:45:09 : error : Error resetting identity seed: => [ SequelizeDatabaseError: Invalid object name 'books_authors'. ]
2024-04-27 17:21:33 : error : Something went wrong fetching book => [ ReferenceError: Author is not defined ]
2024-04-27 17:21:54 : error : Something went wrong fetching book => [ ReferenceError: books_authors is not defined ]
2024-04-27 17:22:27 : error : Something went wrong fetching book => [ ReferenceError: Author is not defined ]
2024-04-27 17:23:08 : error : Something went wrong fetching book => [ ReferenceError: Author is not defined ]
2024-04-27 17:23:34 : error : Something went wrong fetching book => [ ReferenceError: Author is not defined ]
2024-04-27 17:24:53 : error : Something went wrong fetching book => [ ReferenceError: response is not defined ]
2024-04-27 17:25:39 : error : Something went wrong fetching book => [ ReferenceError: response is not defined ]
2024-04-27 17:26:08 : error : Something went wrong fetching book => [ ReferenceError: response is not defined ]
2024-04-27 17:27:17 : error : Something went wrong fetching book => [ SequelizeEagerLoadingError: Author is associated to Book using an alias. You must use the 'as' keyword to specify the alias within your include statement. ]
2024-04-27 17:34:38 : error : Something went wrong fetching book => [ SequelizeEagerLoadingError: Book is associated to Author using an alias. You must use the 'as' keyword to specify the alias within your include statement. ]
2024-04-27 17:34:51 : error : Something went wrong fetching book => [ SequelizeEagerLoadingError: Book is associated to Author using an alias. You must use the 'as' keyword to specify the alias within your include statement. ]
2024-04-27 17:42:18 : error : Something went wrong fetching book => [ Error: Association with alias "authors" does not exist on Book ]
2024-04-27 17:43:41 : error : Something went wrong fetching book => [ Error: Association with alias "book" does not exist on Book ]
2024-04-27 17:45:36 : error : Something went wrong fetching book => [ SequelizeDatabaseError ]
2024-04-27 17:50:38 : error : Something went wrong fetching book => [ SequelizeEagerLoadingError: Author is associated to Book using an alias. You've included an alias (authors), but it does not match the alias(es) defined in your association (author). ]
2024-04-27 18:01:42 : error : Something went wrong fetching books => [ TypeError: this.model.find is not a function ]
2024-04-27 18:12:46 : error : Something went wrong fetching books => [ TypeError: generateCustomFilter is not a function ]
2024-04-27 18:22:25 : error : Something went wrong fetching books => [ ReferenceError: year is not defined ]
2024-04-27 18:30:09 : error : Something went wrong fetching books => [ ReferenceError: AppError is not defined ]
2024-04-27 18:30:13 : error : Something went wrong fetching books => [ ReferenceError: AppError is not defined ]
2024-04-27 18:30:46 : error : Something went wrong fetching books => [ ReferenceError: StatusCodes is not defined ]
2024-04-27 18:30:49 : error : Something went wrong fetching books => [ ReferenceError: StatusCodes is not defined ]
2024-04-27 18:31:24 : error : Something went wrong fetching books => [ APP-ERROR ]
2024-04-27 18:31:28 : error : Something went wrong fetching books => [ APP-ERROR ]
2024-04-27 18:32:41 : error : Something went wrong fetching books => [ APP-ERROR ]
2024-04-27 18:37:47 : error : Something went wrong fetching books => [ APP-ERROR ]
2024-04-27 18:37:57 : error : Something went wrong fetching books => [ APP-ERROR ]
2024-04-27 18:38:38 : error : Something went wrong fetching books => [ ReferenceError: authorName is not defined ]
2024-04-27 18:40:16 : error : Something went wrong fetching books => [ ReferenceError: authorName is not defined ]
2024-04-27 18:41:05 : error : Something went wrong fetching books => [ ReferenceError: author is not defined ]
2024-04-27 18:41:08 : error : Something went wrong fetching books => [ ReferenceError: author is not defined ]
2024-04-27 18:41:28 : error : Something went wrong fetching books => [ TypeError: Cannot set properties of undefined (setting 'where') ]
2024-04-27 18:41:30 : error : Something went wrong fetching books => [ TypeError: Cannot set properties of undefined (setting 'where') ]
2024-04-27 18:43:58 : error : Something went wrong fetching books => [ SequelizeDatabaseError ]
2024-04-27 18:45:19 : error : Something went wrong fetching books => [ SequelizeDatabaseError ]
2024-04-27 18:45:53 : error : Something went wrong fetching books => [ SequelizeDatabaseError: Invalid column name 'author'. ]
2024-04-27 20:08:55 : error : Something went wrong deleting book => [ APP-ERROR ]
2024-04-27 20:09:25 : error : Something went wrong deleting book => [ APP-ERROR ]
2024-04-27 20:36:34 : error : Something went wrong fetching books => [ SequelizeDatabaseError: Invalid column name 'author'. ]
2024-04-27 20:37:43 : error : Something went wrong fetching book => [ TypeError: author.getBook is not a function ]
2024-04-27 20:52:59 : error : Something went wrong doing validation => [ SequelizeValidationError: notNull Violation: Book.author cannot be null ]
